<?xml version="1.0" encoding="UTF-8"?>
<testng-results ignored="0" total="1" passed="1" failed="0" skipped="0">
  <reporter-output>
  </reporter-output>
  <suite started-at="2021-07-29T07:59:56Z" name="com.testng.Testng" finished-at="2021-07-29T08:00:41Z" duration-ms="45406">
    <groups>
    </groups>
    <test started-at="2021-07-29T07:59:56Z" name="Command line test" finished-at="2021-07-29T08:00:41Z" duration-ms="45406">
      <class name="com.testng.Testng">
        <test-method is-config="true" signature="SetUp()[pri:0, instance:com.testng.Testng@47d90b9e]" started-at="2021-07-29T13:29:56Z" name="SetUp" finished-at="2021-07-29T13:30:26Z" duration-ms="29783" status="PASS">
          <reporter-output>
          </reporter-output>
        </test-method> <!-- SetUp -->
        <test-method signature="Test1()[pri:1, instance:com.testng.Testng@47d90b9e]" started-at="2021-07-29T13:30:26Z" name="Test1" finished-at="2021-07-29T13:30:41Z" duration-ms="15219" status="PASS">
          <reporter-output>
          </reporter-output>
        </test-method> <!-- Test1 -->
      </class> <!-- com.testng.Testng -->
    </test> <!-- Command line test -->
  </suite> <!-- com.testng.Testng -->
</testng-results>
