<?xml version="1.0" encoding="UTF-8"?>
<testng-results ignored="0" total="1" passed="1" failed="0" skipped="0">
  <reporter-output>
  </reporter-output>
  <suite started-at="2021-08-21T16:56:50Z" name="Default suite" finished-at="2021-08-21T16:57:35Z" duration-ms="44545">
    <groups>
    </groups>
    <test started-at="2021-08-21T16:56:50Z" name="Default test" finished-at="2021-08-21T16:57:35Z" duration-ms="44545">
      <class name="com.testng.Testng">
        <test-method is-config="true" signature="SetUp()[pri:0, instance:com.testng.Testng@58ce9668]" started-at="2021-08-21T22:26:50Z" name="SetUp" finished-at="2021-08-21T22:27:19Z" duration-ms="28933" status="PASS">
          <reporter-output>
          </reporter-output>
        </test-method> <!-- SetUp -->
        <test-method signature="Test1()[pri:1, instance:com.testng.Testng@58ce9668]" started-at="2021-08-21T22:27:19Z" name="Test1" finished-at="2021-08-21T22:27:34Z" duration-ms="15265" status="PASS">
          <reporter-output>
          </reporter-output>
        </test-method> <!-- Test1 -->
      </class> <!-- com.testng.Testng -->
    </test> <!-- Default test -->
  </suite> <!-- Default suite -->
</testng-results>
